<?xml version="1.0" encoding="UTF-8"?>
<testsuite xmlns:xsi="http://www.w3.org/2001/XMLSchema-instance" xsi:noNamespaceSchemaLocation="https://maven.apache.org/surefire/maven-surefire-plugin/xsd/surefire-test-report.xsd" name="JocTest" time="0.088" tests="30" errors="0" skipped="0" failures="0">
  <properties>
    <property name="java.specification.version" value="21"/>
    <property name="sun.cpu.isalist" value="amd64"/>
    <property name="sun.jnu.encoding" value="Cp1252"/>
    <property name="java.class.path" value="C:\Users\casta\IdeaProjects\TicTacToe-DAM1\target\test-classes;C:\Users\casta\IdeaProjects\TicTacToe-DAM1\target\classes;C:\Users\casta\.m2\repository\org\junit\jupiter\junit-jupiter-engine\5.5.2\junit-jupiter-engine-5.5.2.jar;C:\Users\casta\.m2\repository\org\apiguardian\apiguardian-api\1.1.0\apiguardian-api-1.1.0.jar;C:\Users\casta\.m2\repository\org\junit\platform\junit-platform-engine\1.5.2\junit-platform-engine-1.5.2.jar;C:\Users\casta\.m2\repository\org\opentest4j\opentest4j\1.2.0\opentest4j-1.2.0.jar;C:\Users\casta\.m2\repository\org\junit\platform\junit-platform-commons\1.5.2\junit-platform-commons-1.5.2.jar;C:\Users\casta\.m2\repository\org\junit\jupiter\junit-jupiter-api\5.5.2\junit-jupiter-api-5.5.2.jar;C:\Users\casta\.m2\repository\org\junit\jupiter\junit-jupiter-params\5.5.2\junit-jupiter-params-5.5.2.jar;"/>
    <property name="java.vm.vendor" value="Amazon.com Inc."/>
    <property name="sun.arch.data.model" value="64"/>
    <property name="user.variant" value=""/>
    <property name="java.vendor.url" value="https://aws.amazon.com/corretto/"/>
    <property name="user.timezone" value="Europe/Madrid"/>
    <property name="os.name" value="Windows 10"/>
    <property name="java.vm.specification.version" value="21"/>
    <property name="sun.java.launcher" value="SUN_STANDARD"/>
    <property name="user.country" value="ES"/>
    <property name="sun.boot.library.path" value="C:\Users\casta\.jdks\corretto-21.0.3\bin"/>
    <property name="sun.java.command" value="C:\Users\casta\AppData\Local\Temp\surefire2442659323884766636\surefirebooter11844207647644315000.jar C:\Users\casta\AppData\Local\Temp\surefire2442659323884766636 2024-05-12T20-15-18_362-jvmRun1 surefire3375551094529939846tmp surefire_05781283082630788371tmp"/>
    <property name="jdk.debug" value="release"/>
    <property name="surefire.test.class.path" value="C:\Users\casta\IdeaProjects\TicTacToe-DAM1\target\test-classes;C:\Users\casta\IdeaProjects\TicTacToe-DAM1\target\classes;C:\Users\casta\.m2\repository\org\junit\jupiter\junit-jupiter-engine\5.5.2\junit-jupiter-engine-5.5.2.jar;C:\Users\casta\.m2\repository\org\apiguardian\apiguardian-api\1.1.0\apiguardian-api-1.1.0.jar;C:\Users\casta\.m2\repository\org\junit\platform\junit-platform-engine\1.5.2\junit-platform-engine-1.5.2.jar;C:\Users\casta\.m2\repository\org\opentest4j\opentest4j\1.2.0\opentest4j-1.2.0.jar;C:\Users\casta\.m2\repository\org\junit\platform\junit-platform-commons\1.5.2\junit-platform-commons-1.5.2.jar;C:\Users\casta\.m2\repository\org\junit\jupiter\junit-jupiter-api\5.5.2\junit-jupiter-api-5.5.2.jar;C:\Users\casta\.m2\repository\org\junit\jupiter\junit-jupiter-params\5.5.2\junit-jupiter-params-5.5.2.jar;"/>
    <property name="sun.cpu.endian" value="little"/>
    <property name="user.home" value="C:\Users\casta"/>
    <property name="user.language" value="es"/>
    <property name="java.specification.vendor" value="Oracle Corporation"/>
    <property name="java.version.date" value="2024-04-16"/>
    <property name="java.home" value="C:\Users\casta\.jdks\corretto-21.0.3"/>
    <property name="file.separator" value="\"/>
    <property name="basedir" value="C:\Users\casta\IdeaProjects\TicTacToe-DAM1"/>
    <property name="java.vm.compressedOopsMode" value="Zero based"/>
    <property name="line.separator" value="&#10;"/>
    <property name="java.vm.specification.vendor" value="Oracle Corporation"/>
    <property name="java.specification.name" value="Java Platform API Specification"/>
    <property name="surefire.real.class.path" value="C:\Users\casta\AppData\Local\Temp\surefire2442659323884766636\surefirebooter11844207647644315000.jar"/>
    <property name="user.script" value=""/>
    <property name="sun.management.compiler" value="HotSpot 64-Bit Tiered Compilers"/>
    <property name="java.runtime.version" value="21.0.3+9-LTS"/>
    <property name="user.name" value="casta"/>
    <property name="stdout.encoding" value="Cp1252"/>
    <property name="path.separator" value=";"/>
    <property name="os.version" value="10.0"/>
    <property name="java.runtime.name" value="OpenJDK Runtime Environment"/>
    <property name="file.encoding" value="UTF-8"/>
    <property name="java.vm.name" value="OpenJDK 64-Bit Server VM"/>
    <property name="java.vendor.version" value="Corretto-21.0.3.9.1"/>
    <property name="localRepository" value="C:\Users\casta\.m2\repository"/>
    <property name="java.vendor.url.bug" value="https://github.com/corretto/corretto-21/issues/"/>
    <property name="java.io.tmpdir" value="C:\Users\casta\AppData\Local\Temp\"/>
    <property name="idea.version" value="2022.2.4"/>
    <property name="java.version" value="21.0.3"/>
    <property name="user.dir" value="C:\Users\casta\IdeaProjects\TicTacToe-DAM1"/>
    <property name="os.arch" value="amd64"/>
    <property name="java.vm.specification.name" value="Java Virtual Machine Specification"/>
    <property name="sun.os.patch.level" value=""/>
    <property name="native.encoding" value="Cp1252"/>
    <property name="java.library.path" value="C:\Users\casta\.jdks\corretto-21.0.3\bin;C:\WINDOWS\Sun\Java\bin;C:\WINDOWS\system32;C:\WINDOWS;C:\Program Files\Common Files\Oracle\Java\javapath;C:\Program Files (x86)\Common Files\Oracle\Java\javapath;C:\Program Files (x86)\Razer Chroma SDK\bin;C:\Program Files\Razer Chroma SDK\bin;C:\Program Files (x86)\Razer\ChromaBroadcast\bin;C:\Program Files\Razer\ChromaBroadcast\bin;C:\WINDOWS\system32;C:\WINDOWS;C:\WINDOWS\System32\Wbem;C:\WINDOWS\System32\WindowsPowerShell\v1.0\;C:\WINDOWS\System32\OpenSSH\;C:\Users\casta\AppData\Local\Microsoft\WindowsApps;C:\Program Files (x86)\NVIDIA Corporation\PhysX\Common;C:\Program Files\dotnet\;C:\Program Files\NVIDIA Corporation\NVIDIA NvDLISR;C:\Program Files (x86)\BaseX\bin;C:\Program Files\Git\cmd;C:\Users\casta\AppData\Local\Microsoft\WindowsApps;C:\Users\casta\.dotnet\tools;C:\Users\casta\AppData\Local\Programs\Microsoft VS Code\bin;."/>
    <property name="java.vm.info" value="mixed mode, sharing"/>
    <property name="stderr.encoding" value="Cp1252"/>
    <property name="java.vendor" value="Amazon.com Inc."/>
    <property name="java.vm.version" value="21.0.3+9-LTS"/>
    <property name="sun.io.unicode.encoding" value="UnicodeLittle"/>
    <property name="java.class.version" value="65.0"/>
  </properties>
  <testcase name="testTaulell" classname="JocTest" time="0.012"/>
  <testcase name="testJugadaGuanyadoraJ1{short, short}[1]" classname="JocTest" time="0.016"/>
  <testcase name="testJugadaGuanyadoraJ1{short, short}[2]" classname="JocTest" time="0"/>
  <testcase name="testJugadaGuanyadoraJ1{short, short}[3]" classname="JocTest" time="0"/>
  <testcase name="testJugadaGuanyadoraJ1{short, short}[4]" classname="JocTest" time="0"/>
  <testcase name="testJugadaGuanyadoraJ1{short, short}[5]" classname="JocTest" time="0.001"/>
  <testcase name="testJugadaGuanyadoraJ2{short, short}[1]" classname="JocTest" time="0"/>
  <testcase name="testJugadaGuanyadoraJ2{short, short}[2]" classname="JocTest" time="0.001"/>
  <testcase name="testJugadaGuanyadoraJ2{short, short}[3]" classname="JocTest" time="0.001"/>
  <testcase name="testJugar" classname="JocTest" time="0.001"/>
  <testcase name="testJugadaGuanyadoraUnaCasella{short, short}[1]" classname="JocTest" time="0.001"/>
  <testcase name="testJugadaGuanyadoraUnaCasella{short, short}[2]" classname="JocTest" time="0"/>
  <testcase name="testJugadaGuanyadoraUnaCasella{short, short}[3]" classname="JocTest" time="0"/>
  <testcase name="testJugadaGuanyadoraUnaCasella{short, short}[4]" classname="JocTest" time="0"/>
  <testcase name="testJugadaGuanyadoraUnaCasella{short, short}[5]" classname="JocTest" time="0"/>
  <testcase name="testJugadaGuanyadoraUnaCasella{short, short}[6]" classname="JocTest" time="0.001"/>
  <testcase name="testJugadaGuanyadoraUnaCasella{short, short}[7]" classname="JocTest" time="0.001"/>
  <testcase name="testJugadaGuanyadoraUnaCasella{short, short}[8]" classname="JocTest" time="0"/>
  <testcase name="testJugador1" classname="JocTest" time="0"/>
  <testcase name="testJugador2" classname="JocTest" time="0"/>
  <testcase name="testJugadaGuanyadora1{short, short}[1]" classname="JocTest" time="0"/>
  <testcase name="testJugadaGuanyadora1{short, short}[2]" classname="JocTest" time="0"/>
  <testcase name="testJugadaGuanyadora1{short, short}[3]" classname="JocTest" time="0.001"/>
  <testcase name="testJugadaGuanyadora1{short, short}[4]" classname="JocTest" time="0"/>
  <testcase name="testJugadaGuanyadora1{short, short}[5]" classname="JocTest" time="0"/>
  <testcase name="testJugadaGuanyadora1{short, short}[6]" classname="JocTest" time="0"/>
  <testcase name="testJugadaGuanyadora1{short, short}[7]" classname="JocTest" time="0"/>
  <testcase name="testJugadaGuanyadora1{short, short}[8]" classname="JocTest" time="0"/>
  <testcase name="testJugadaGuanyadora1{short, short}[9]" classname="JocTest" time="0"/>
  <testcase name="testTurnoJuagador" classname="JocTest" time="0"/>
</testsuite>