<?xml version="1.0" encoding="UTF-8"?>
<testsuite xmlns:xsi="http://www.w3.org/2001/XMLSchema-instance" xsi:noNamespaceSchemaLocation="https://maven.apache.org/surefire/maven-surefire-plugin/xsd/surefire-test-report.xsd" name="JocTest" time="0.179" tests="38" errors="0" skipped="0" failures="16">
  <properties>
    <property name="java.specification.version" value="21"/>
    <property name="sun.jnu.encoding" value="UTF-8"/>
    <property name="java.class.path" value="/home/dam1/IdeaProjects/TicTacToe-DAM1/target/test-classes:/home/dam1/IdeaProjects/TicTacToe-DAM1/target/classes:/home/dam1/.m2/repository/org/junit/jupiter/junit-jupiter-engine/5.5.2/junit-jupiter-engine-5.5.2.jar:/home/dam1/.m2/repository/org/apiguardian/apiguardian-api/1.1.0/apiguardian-api-1.1.0.jar:/home/dam1/.m2/repository/org/junit/platform/junit-platform-engine/1.5.2/junit-platform-engine-1.5.2.jar:/home/dam1/.m2/repository/org/opentest4j/opentest4j/1.2.0/opentest4j-1.2.0.jar:/home/dam1/.m2/repository/org/junit/platform/junit-platform-commons/1.5.2/junit-platform-commons-1.5.2.jar:/home/dam1/.m2/repository/org/junit/jupiter/junit-jupiter-api/5.5.2/junit-jupiter-api-5.5.2.jar:/home/dam1/.m2/repository/org/junit/jupiter/junit-jupiter-params/5.5.2/junit-jupiter-params-5.5.2.jar:"/>
    <property name="java.vm.vendor" value="Amazon.com Inc."/>
    <property name="sun.arch.data.model" value="64"/>
    <property name="java.vendor.url" value="https://aws.amazon.com/corretto/"/>
    <property name="os.name" value="Linux"/>
    <property name="java.vm.specification.version" value="21"/>
    <property name="sun.java.launcher" value="SUN_STANDARD"/>
    <property name="user.country" value="ES"/>
    <property name="sun.boot.library.path" value="/home/dam1/.jdks/corretto-21.0.3/lib"/>
    <property name="sun.java.command" value="/home/dam1/IdeaProjects/TicTacToe-DAM1/target/surefire/surefirebooter897148388278250650.jar /home/dam1/IdeaProjects/TicTacToe-DAM1/target/surefire 2024-05-09T17-51-06_532-jvmRun1 surefire17200294531598172831tmp surefire_08375426777490290786tmp"/>
    <property name="jdk.debug" value="release"/>
    <property name="surefire.test.class.path" value="/home/dam1/IdeaProjects/TicTacToe-DAM1/target/test-classes:/home/dam1/IdeaProjects/TicTacToe-DAM1/target/classes:/home/dam1/.m2/repository/org/junit/jupiter/junit-jupiter-engine/5.5.2/junit-jupiter-engine-5.5.2.jar:/home/dam1/.m2/repository/org/apiguardian/apiguardian-api/1.1.0/apiguardian-api-1.1.0.jar:/home/dam1/.m2/repository/org/junit/platform/junit-platform-engine/1.5.2/junit-platform-engine-1.5.2.jar:/home/dam1/.m2/repository/org/opentest4j/opentest4j/1.2.0/opentest4j-1.2.0.jar:/home/dam1/.m2/repository/org/junit/platform/junit-platform-commons/1.5.2/junit-platform-commons-1.5.2.jar:/home/dam1/.m2/repository/org/junit/jupiter/junit-jupiter-api/5.5.2/junit-jupiter-api-5.5.2.jar:/home/dam1/.m2/repository/org/junit/jupiter/junit-jupiter-params/5.5.2/junit-jupiter-params-5.5.2.jar:"/>
    <property name="sun.cpu.endian" value="little"/>
    <property name="user.home" value="/home/dam1"/>
    <property name="user.language" value="ca"/>
    <property name="java.specification.vendor" value="Oracle Corporation"/>
    <property name="java.version.date" value="2024-04-16"/>
    <property name="java.home" value="/home/dam1/.jdks/corretto-21.0.3"/>
    <property name="file.separator" value="/"/>
    <property name="basedir" value="/home/dam1/IdeaProjects/TicTacToe-DAM1"/>
    <property name="java.vm.compressedOopsMode" value="32-bit"/>
    <property name="line.separator" value="&#10;"/>
    <property name="java.specification.name" value="Java Platform API Specification"/>
    <property name="java.vm.specification.vendor" value="Oracle Corporation"/>
    <property name="surefire.real.class.path" value="/home/dam1/IdeaProjects/TicTacToe-DAM1/target/surefire/surefirebooter897148388278250650.jar"/>
    <property name="sun.management.compiler" value="HotSpot 64-Bit Tiered Compilers"/>
    <property name="java.runtime.version" value="21.0.3+9-LTS"/>
    <property name="user.name" value="dam1"/>
    <property name="stdout.encoding" value="UTF-8"/>
    <property name="path.separator" value=":"/>
    <property name="os.version" value="5.15.0-106-generic"/>
    <property name="java.runtime.name" value="OpenJDK Runtime Environment"/>
    <property name="file.encoding" value="UTF-8"/>
    <property name="java.vm.name" value="OpenJDK 64-Bit Server VM"/>
    <property name="java.vendor.version" value="Corretto-21.0.3.9.1"/>
    <property name="localRepository" value="/home/dam1/.m2/repository"/>
    <property name="java.vendor.url.bug" value="https://github.com/corretto/corretto-21/issues/"/>
    <property name="java.io.tmpdir" value="/tmp"/>
    <property name="idea.version" value="2024.1.1"/>
    <property name="java.version" value="21.0.3"/>
    <property name="user.dir" value="/home/dam1/IdeaProjects/TicTacToe-DAM1"/>
    <property name="os.arch" value="amd64"/>
    <property name="java.vm.specification.name" value="Java Virtual Machine Specification"/>
    <property name="native.encoding" value="UTF-8"/>
    <property name="java.library.path" value=":/usr/java/packages/lib:/usr/lib64:/lib64:/lib:/usr/lib"/>
    <property name="java.vm.info" value="mixed mode, sharing"/>
    <property name="stderr.encoding" value="UTF-8"/>
    <property name="java.vendor" value="Amazon.com Inc."/>
    <property name="java.vm.version" value="21.0.3+9-LTS"/>
    <property name="sun.io.unicode.encoding" value="UnicodeLittle"/>
    <property name="java.class.version" value="65.0"/>
  </properties>
  <testcase name="testTaulell" classname="JocTest" time="0.028"/>
  <testcase name="testJugadaGuanyadoraJ1{short, short}[1]" classname="JocTest" time="0.028">
    <failure message="expected: &lt;true&gt; but was: &lt;false&gt;" type="org.opentest4j.AssertionFailedError"><![CDATA[org.opentest4j.AssertionFailedError: expected: <true> but was: <false>
	at JocTest.testJugadaGuanyadoraJ1(JocTest.java:158)
]]></failure>
  </testcase>
  <testcase name="testJugadaGuanyadoraJ1{short, short}[2]" classname="JocTest" time="0.001">
    <failure message="expected: &lt;true&gt; but was: &lt;false&gt;" type="org.opentest4j.AssertionFailedError"><![CDATA[org.opentest4j.AssertionFailedError: expected: <true> but was: <false>
	at JocTest.testJugadaGuanyadoraJ1(JocTest.java:158)
]]></failure>
  </testcase>
  <testcase name="testJugadaGuanyadoraJ1{short, short}[3]" classname="JocTest" time="0.002">
    <failure message="expected: &lt;true&gt; but was: &lt;false&gt;" type="org.opentest4j.AssertionFailedError"><![CDATA[org.opentest4j.AssertionFailedError: expected: <true> but was: <false>
	at JocTest.testJugadaGuanyadoraJ1(JocTest.java:158)
]]></failure>
  </testcase>
  <testcase name="testJugadaGuanyadoraJ1{short, short}[4]" classname="JocTest" time="0.001">
    <failure message="expected: &lt;true&gt; but was: &lt;false&gt;" type="org.opentest4j.AssertionFailedError"><![CDATA[org.opentest4j.AssertionFailedError: expected: <true> but was: <false>
	at JocTest.testJugadaGuanyadoraJ1(JocTest.java:158)
]]></failure>
  </testcase>
  <testcase name="testJugadaGuanyadoraJ1{short, short}[5]" classname="JocTest" time="0.001">
    <failure message="expected: &lt;true&gt; but was: &lt;false&gt;" type="org.opentest4j.AssertionFailedError"><![CDATA[org.opentest4j.AssertionFailedError: expected: <true> but was: <false>
	at JocTest.testJugadaGuanyadoraJ1(JocTest.java:158)
]]></failure>
  </testcase>
  <testcase name="testJugadaGuanyadoraJ1{short, short}[6]" classname="JocTest" time="0.001">
    <failure message="expected: &lt;true&gt; but was: &lt;false&gt;" type="org.opentest4j.AssertionFailedError"><![CDATA[org.opentest4j.AssertionFailedError: expected: <true> but was: <false>
	at JocTest.testJugadaGuanyadoraJ1(JocTest.java:158)
]]></failure>
  </testcase>
  <testcase name="testJugadaGuanyadoraJ1{short, short}[7]" classname="JocTest" time="0.002">
    <failure message="expected: &lt;true&gt; but was: &lt;false&gt;" type="org.opentest4j.AssertionFailedError"><![CDATA[org.opentest4j.AssertionFailedError: expected: <true> but was: <false>
	at JocTest.testJugadaGuanyadoraJ1(JocTest.java:158)
]]></failure>
  </testcase>
  <testcase name="testJugadaGuanyadoraJ1{short, short}[8]" classname="JocTest" time="0">
    <failure message="expected: &lt;true&gt; but was: &lt;false&gt;" type="org.opentest4j.AssertionFailedError"><![CDATA[org.opentest4j.AssertionFailedError: expected: <true> but was: <false>
	at JocTest.testJugadaGuanyadoraJ1(JocTest.java:158)
]]></failure>
  </testcase>
  <testcase name="testJugadaGuanyadoraJ2{short, short}[1]" classname="JocTest" time="0.001">
    <failure message="expected: &lt;true&gt; but was: &lt;false&gt;" type="org.opentest4j.AssertionFailedError"><![CDATA[org.opentest4j.AssertionFailedError: expected: <true> but was: <false>
	at JocTest.testJugadaGuanyadoraJ2(JocTest.java:169)
]]></failure>
  </testcase>
  <testcase name="testJugadaGuanyadoraJ2{short, short}[2]" classname="JocTest" time="0.001">
    <failure message="expected: &lt;true&gt; but was: &lt;false&gt;" type="org.opentest4j.AssertionFailedError"><![CDATA[org.opentest4j.AssertionFailedError: expected: <true> but was: <false>
	at JocTest.testJugadaGuanyadoraJ2(JocTest.java:169)
]]></failure>
  </testcase>
  <testcase name="testJugadaGuanyadoraJ2{short, short}[3]" classname="JocTest" time="0.001">
    <failure message="expected: &lt;true&gt; but was: &lt;false&gt;" type="org.opentest4j.AssertionFailedError"><![CDATA[org.opentest4j.AssertionFailedError: expected: <true> but was: <false>
	at JocTest.testJugadaGuanyadoraJ2(JocTest.java:169)
]]></failure>
  </testcase>
  <testcase name="testJugadaGuanyadoraJ2{short, short}[4]" classname="JocTest" time="0.002">
    <failure message="expected: &lt;true&gt; but was: &lt;false&gt;" type="org.opentest4j.AssertionFailedError"><![CDATA[org.opentest4j.AssertionFailedError: expected: <true> but was: <false>
	at JocTest.testJugadaGuanyadoraJ2(JocTest.java:169)
]]></failure>
  </testcase>
  <testcase name="testJugadaGuanyadoraJ2{short, short}[5]" classname="JocTest" time="0.001">
    <failure message="expected: &lt;true&gt; but was: &lt;false&gt;" type="org.opentest4j.AssertionFailedError"><![CDATA[org.opentest4j.AssertionFailedError: expected: <true> but was: <false>
	at JocTest.testJugadaGuanyadoraJ2(JocTest.java:169)
]]></failure>
  </testcase>
  <testcase name="testJugadaGuanyadoraJ2{short, short}[6]" classname="JocTest" time="0.001">
    <failure message="expected: &lt;true&gt; but was: &lt;false&gt;" type="org.opentest4j.AssertionFailedError"><![CDATA[org.opentest4j.AssertionFailedError: expected: <true> but was: <false>
	at JocTest.testJugadaGuanyadoraJ2(JocTest.java:169)
]]></failure>
  </testcase>
  <testcase name="testJugadaGuanyadoraJ2{short, short}[7]" classname="JocTest" time="0">
    <failure message="expected: &lt;true&gt; but was: &lt;false&gt;" type="org.opentest4j.AssertionFailedError"><![CDATA[org.opentest4j.AssertionFailedError: expected: <true> but was: <false>
	at JocTest.testJugadaGuanyadoraJ2(JocTest.java:169)
]]></failure>
  </testcase>
  <testcase name="testJugadaGuanyadoraJ2{short, short}[8]" classname="JocTest" time="0.001">
    <failure message="expected: &lt;true&gt; but was: &lt;false&gt;" type="org.opentest4j.AssertionFailedError"><![CDATA[org.opentest4j.AssertionFailedError: expected: <true> but was: <false>
	at JocTest.testJugadaGuanyadoraJ2(JocTest.java:169)
]]></failure>
  </testcase>
  <testcase name="testJugar" classname="JocTest" time="0.001"/>
  <testcase name="testJugadaGuanyadoraUnaCasella{short, short}[1]" classname="JocTest" time="0.001"/>
  <testcase name="testJugadaGuanyadoraUnaCasella{short, short}[2]" classname="JocTest" time="0.001"/>
  <testcase name="testJugadaGuanyadoraUnaCasella{short, short}[3]" classname="JocTest" time="0.001"/>
  <testcase name="testJugadaGuanyadoraUnaCasella{short, short}[4]" classname="JocTest" time="0.001"/>
  <testcase name="testJugadaGuanyadoraUnaCasella{short, short}[5]" classname="JocTest" time="0.001"/>
  <testcase name="testJugadaGuanyadoraUnaCasella{short, short}[6]" classname="JocTest" time="0.001"/>
  <testcase name="testJugadaGuanyadoraUnaCasella{short, short}[7]" classname="JocTest" time="0"/>
  <testcase name="testJugadaGuanyadoraUnaCasella{short, short}[8]" classname="JocTest" time="0.001"/>
  <testcase name="testJugador1" classname="JocTest" time="0.001"/>
  <testcase name="testJugador2" classname="JocTest" time="0"/>
  <testcase name="testJugadaGuanyadora1{short, short}[1]" classname="JocTest" time="0.001"/>
  <testcase name="testJugadaGuanyadora1{short, short}[2]" classname="JocTest" time="0"/>
  <testcase name="testJugadaGuanyadora1{short, short}[3]" classname="JocTest" time="0"/>
  <testcase name="testJugadaGuanyadora1{short, short}[4]" classname="JocTest" time="0.001"/>
  <testcase name="testJugadaGuanyadora1{short, short}[5]" classname="JocTest" time="0.001"/>
  <testcase name="testJugadaGuanyadora1{short, short}[6]" classname="JocTest" time="0"/>
  <testcase name="testJugadaGuanyadora1{short, short}[7]" classname="JocTest" time="0.001"/>
  <testcase name="testJugadaGuanyadora1{short, short}[8]" classname="JocTest" time="0"/>
  <testcase name="testJugadaGuanyadora1{short, short}[9]" classname="JocTest" time="0.001"/>
  <testcase name="testTurnoJuagador" classname="JocTest" time="0.002"/>
</testsuite>